#
# There is insufficient memory for the Java Runtime Environment to continue.
# Native memory allocation (mmap) failed to map 357892096 bytes for committing reserved memory.
# Possible reasons:
#   The system is out of physical RAM or swap space
#   The process is running with CompressedOops enabled, and the Java Heap may be blocking the growth of the native heap
# Possible solutions:
#   Reduce memory load on the system
#   Increase physical memory or swap space
#   Check if swap backing store is full
#   Decrease Java heap size (-Xmx/-Xms)
#   Decrease number of Java threads
#   Decrease Java thread stack sizes (-Xss)
#   Set larger code cache with -XX:ReservedCodeCacheSize=
# This output file may be truncated or incomplete.
#
#  Out of Memory Error (os_linux.cpp:2767), pid=6555, tid=0x00007f7f602f3700
#
# JRE version:  (8.0_222-b10) (build )
# Java VM: OpenJDK 64-Bit Server VM (25.222-b10 mixed mode linux-amd64 compressed oops)
# Failed to write core dump. Core dumps have been disabled. To enable core dumping, try "ulimit -c unlimited" before starting Java again
#

---------------  T H R E A D  ---------------

Current thread (0x00007f7f5804b800):  JavaThread "Unknown thread" [_thread_in_vm, id=6556, stack(0x00007f7f5fef4000,0x00007f7f602f4000)]

Stack: [0x00007f7f5fef4000,0x00007f7f602f4000],  sp=0x00007f7f602f25b0,  free space=4089k
Native frames: (J=compiled Java code, j=interpreted, Vv=VM code, C=native code)
V  [libjvm.so+0xacedcd]
V  [libjvm.so+0x4f459a]
V  [libjvm.so+0x8c6a08]
V  [libjvm.so+0x8bdc1e]
V  [libjvm.so+0xacba54]
V  [libjvm.so+0x5e4173]
V  [libjvm.so+0x4fc395]
V  [libjvm.so+0x5e5473]
V  [libjvm.so+0x5d60e8]
V  [libjvm.so+0xa97a69]
V  [libjvm.so+0xa97d12]
V  [libjvm.so+0x6265e5]
V  [libjvm.so+0xa7aaaf]
V  [libjvm.so+0x6a725f]  JNI_CreateJavaVM+0x5f
C  [libjli.so+0x2fd8]
C  [libpthread.so.0+0x7de5]  start_thread+0xc5


---------------  P R O C E S S  ---------------

Java Threads: ( => current thread )

Other Threads:

=>0x00007f7f5804b800 (exited) JavaThread "Unknown thread" [_thread_in_vm, id=6556, stack(0x00007f7f5fef4000,0x00007f7f602f4000)]

VM state:not at safepoint (not fully initialized)

VM Mutex/Monitor currently owned by a thread: None

heap address: 0x00000000c0000000, size: 1024 MB, Compressed Oops mode: Non-zero based:0x00000000bffff000
Narrow klass base: 0x0000000000000000, Narrow klass shift: 0

GC Heap History (0 events):
No events

Deoptimization events (0 events):
No events

Classes redefined (0 events):
No events

Internal exceptions (0 events):
No events

Events (0 events):
No events


Dynamic libraries:
00400000-00401000 r-xp 00000000 ca:01 141496                             /usr/lib/jvm/java-1.8.0-openjdk-1.8.0.222.b10-0.47.amzn1.x86_64/jre/bin/java
00600000-00601000 r--p 00000000 ca:01 141496                             /usr/lib/jvm/java-1.8.0-openjdk-1.8.0.222.b10-0.47.amzn1.x86_64/jre/bin/java
00601000-00602000 rw-p 00001000 ca:01 141496                             /usr/lib/jvm/java-1.8.0-openjdk-1.8.0.222.b10-0.47.amzn1.x86_64/jre/bin/java
0237e000-0239f000 rw-p 00000000 00:00 0                                  [heap]
d5550000-100000000 ---p 00000000 00:00 0 
7f7f50000000-7f7f50270000 rwxp 00000000 00:00 0 
7f7f50270000-7f7f58000000 ---p 00000000 00:00 0 
7f7f58000000-7f7f5806f000 rw-p 00000000 00:00 0 
7f7f5806f000-7f7f5c000000 ---p 00000000 00:00 0 
7f7f5f094000-7f7f5f294000 ---p 00000000 00:00 0 
7f7f5f294000-7f7f5f29f000 rw-p 00000000 00:00 0 
7f7f5f29f000-7f7f5f495000 ---p 00000000 00:00 0 
7f7f5f495000-7f7f5f49d000 r-xp 00000000 ca:01 141541                     /usr/lib/jvm/java-1.8.0-openjdk-1.8.0.222.b10-0.47.amzn1.x86_64/jre/lib/amd64/libzip.so
7f7f5f49d000-7f7f5f69c000 ---p 00008000 ca:01 141541                     /usr/lib/jvm/java-1.8.0-openjdk-1.8.0.222.b10-0.47.amzn1.x86_64/jre/lib/amd64/libzip.so
7f7f5f69c000-7f7f5f69d000 r--p 00007000 ca:01 141541                     /usr/lib/jvm/java-1.8.0-openjdk-1.8.0.222.b10-0.47.amzn1.x86_64/jre/lib/amd64/libzip.so
7f7f5f69d000-7f7f5f69e000 rw-p 00008000 ca:01 141541                     /usr/lib/jvm/java-1.8.0-openjdk-1.8.0.222.b10-0.47.amzn1.x86_64/jre/lib/amd64/libzip.so
7f7f5f69e000-7f7f5f6aa000 r-xp 00000000 ca:01 2701                       /lib64/libnss_files-2.17.so
7f7f5f6aa000-7f7f5f8a9000 ---p 0000c000 ca:01 2701                       /lib64/libnss_files-2.17.so
7f7f5f8a9000-7f7f5f8aa000 r--p 0000b000 ca:01 2701                       /lib64/libnss_files-2.17.so
7f7f5f8aa000-7f7f5f8ab000 rw-p 0000c000 ca:01 2701                       /lib64/libnss_files-2.17.so
7f7f5f8ab000-7f7f5f8b1000 rw-p 00000000 00:00 0 
7f7f5f8b1000-7f7f5f8da000 r-xp 00000000 ca:01 141523                     /usr/lib/jvm/java-1.8.0-openjdk-1.8.0.222.b10-0.47.amzn1.x86_64/jre/lib/amd64/libjava.so
7f7f5f8da000-7f7f5fad9000 ---p 00029000 ca:01 141523                     /usr/lib/jvm/java-1.8.0-openjdk-1.8.0.222.b10-0.47.amzn1.x86_64/jre/lib/amd64/libjava.so
7f7f5fad9000-7f7f5fada000 r--p 00028000 ca:01 141523                     /usr/lib/jvm/java-1.8.0-openjdk-1.8.0.222.b10-0.47.amzn1.x86_64/jre/lib/amd64/libjava.so
7f7f5fada000-7f7f5fadc000 rw-p 00029000 ca:01 141523                     /usr/lib/jvm/java-1.8.0-openjdk-1.8.0.222.b10-0.47.amzn1.x86_64/jre/lib/amd64/libjava.so
7f7f5fadc000-7f7f5fae9000 r-xp 00000000 ca:01 141540                     /usr/lib/jvm/java-1.8.0-openjdk-1.8.0.222.b10-0.47.amzn1.x86_64/jre/lib/amd64/libverify.so
7f7f5fae9000-7f7f5fce8000 ---p 0000d000 ca:01 141540                     /usr/lib/jvm/java-1.8.0-openjdk-1.8.0.222.b10-0.47.amzn1.x86_64/jre/lib/amd64/libverify.so
7f7f5fce8000-7f7f5fcea000 r--p 0000c000 ca:01 141540                     /usr/lib/jvm/java-1.8.0-openjdk-1.8.0.222.b10-0.47.amzn1.x86_64/jre/lib/amd64/libverify.so
7f7f5fcea000-7f7f5fceb000 rw-p 0000e000 ca:01 141540                     /usr/lib/jvm/java-1.8.0-openjdk-1.8.0.222.b10-0.47.amzn1.x86_64/jre/lib/amd64/libverify.so
7f7f5fceb000-7f7f5fcf2000 r-xp 00000000 ca:01 2713                       /lib64/librt-2.17.so
7f7f5fcf2000-7f7f5fef1000 ---p 00007000 ca:01 2713                       /lib64/librt-2.17.so
7f7f5fef1000-7f7f5fef2000 r--p 00006000 ca:01 2713                       /lib64/librt-2.17.so
7f7f5fef2000-7f7f5fef3000 rw-p 00007000 ca:01 2713                       /lib64/librt-2.17.so
7f7f5fef3000-7f7f5fef7000 ---p 00000000 00:00 0 
7f7f5fef7000-7f7f602f4000 rw-p 00000000 00:00 0 
7f7f602f4000-7f7f6030a000 r-xp 00000000 ca:01 2609                       /lib64/libgcc_s-7-20170915.so.1
7f7f6030a000-7f7f60509000 ---p 00016000 ca:01 2609                       /lib64/libgcc_s-7-20170915.so.1
7f7f60509000-7f7f6050a000 rw-p 00015000 ca:01 2609                       /lib64/libgcc_s-7-20170915.so.1
7f7f6050a000-7f7f6060b000 r-xp 00000000 ca:01 2691                       /lib64/libm-2.17.so
7f7f6060b000-7f7f6080a000 ---p 00101000 ca:01 2691                       /lib64/libm-2.17.so
7f7f6080a000-7f7f6080b000 r--p 00100000 ca:01 2691                       /lib64/libm-2.17.so
7f7f6080b000-7f7f6080c000 rw-p 00101000 ca:01 2691                       /lib64/libm-2.17.so
7f7f6080c000-7f7f60981000 r-xp 00000000 ca:01 2935                       /usr/lib64/libstdc++.so.6.0.24
7f7f60981000-7f7f60b81000 ---p 00175000 ca:01 2935                       /usr/lib64/libstdc++.so.6.0.24
7f7f60b81000-7f7f60b8b000 r--p 00175000 ca:01 2935                       /usr/lib64/libstdc++.so.6.0.24
7f7f60b8b000-7f7f60b8d000 rw-p 0017f000 ca:01 2935                       /usr/lib64/libstdc++.so.6.0.24
7f7f60b8d000-7f7f60b91000 rw-p 00000000 00:00 0 
7f7f60b91000-7f7f61879000 r-xp 00000000 ca:01 141545                     /usr/lib/jvm/java-1.8.0-openjdk-1.8.0.222.b10-0.47.amzn1.x86_64/jre/lib/amd64/server/libjvm.so
7f7f61879000-7f7f61a79000 ---p 00ce8000 ca:01 141545                     /usr/lib/jvm/java-1.8.0-openjdk-1.8.0.222.b10-0.47.amzn1.x86_64/jre/lib/amd64/server/libjvm.so
7f7f61a79000-7f7f61b25000 r--p 00ce8000 ca:01 141545                     /usr/lib/jvm/java-1.8.0-openjdk-1.8.0.222.b10-0.47.amzn1.x86_64/jre/lib/amd64/server/libjvm.so
7f7f61b25000-7f7f61b4f000 rw-p 00d94000 ca:01 141545                     /usr/lib/jvm/java-1.8.0-openjdk-1.8.0.222.b10-0.47.amzn1.x86_64/jre/lib/amd64/server/libjvm.so
7f7f61b4f000-7f7f61b82000 rw-p 00000000 00:00 0 
7f7f61b82000-7f7f61d44000 r-xp 00000000 ca:01 2683                       /lib64/libc-2.17.so
7f7f61d44000-7f7f61f44000 ---p 001c2000 ca:01 2683                       /lib64/libc-2.17.so
7f7f61f44000-7f7f61f48000 r--p 001c2000 ca:01 2683                       /lib64/libc-2.17.so
7f7f61f48000-7f7f61f4a000 rw-p 001c6000 ca:01 2683                       /lib64/libc-2.17.so
7f7f61f4a000-7f7f61f4f000 rw-p 00000000 00:00 0 
7f7f61f4f000-7f7f61f51000 r-xp 00000000 ca:01 2689                       /lib64/libdl-2.17.so
7f7f61f51000-7f7f62151000 ---p 00002000 ca:01 2689                       /lib64/libdl-2.17.so
7f7f62151000-7f7f62152000 r--p 00002000 ca:01 2689                       /lib64/libdl-2.17.so
7f7f62152000-7f7f62153000 rw-p 00003000 ca:01 2689                       /lib64/libdl-2.17.so
7f7f62153000-7f7f62160000 r-xp 00000000 ca:01 141510                     /usr/lib/jvm/java-1.8.0-openjdk-1.8.0.222.b10-0.47.amzn1.x86_64/jre/lib/amd64/jli/libjli.so
7f7f62160000-7f7f62360000 ---p 0000d000 ca:01 141510                     /usr/lib/jvm/java-1.8.0-openjdk-1.8.0.222.b10-0.47.amzn1.x86_64/jre/lib/amd64/jli/libjli.so
7f7f62360000-7f7f62361000 r--p 0000d000 ca:01 141510                     /usr/lib/jvm/java-1.8.0-openjdk-1.8.0.222.b10-0.47.amzn1.x86_64/jre/lib/amd64/jli/libjli.so
7f7f62361000-7f7f62362000 rw-p 0000e000 ca:01 141510                     /usr/lib/jvm/java-1.8.0-openjdk-1.8.0.222.b10-0.47.amzn1.x86_64/jre/lib/amd64/jli/libjli.so
7f7f62362000-7f7f62377000 r-xp 00000000 ca:01 2834                       /lib64/libz.so.1.2.8
7f7f62377000-7f7f62576000 ---p 00015000 ca:01 2834                       /lib64/libz.so.1.2.8
7f7f62576000-7f7f62577000 r--p 00014000 ca:01 2834                       /lib64/libz.so.1.2.8
7f7f62577000-7f7f62578000 rw-p 00015000 ca:01 2834                       /lib64/libz.so.1.2.8
7f7f62578000-7f7f6258f000 r-xp 00000000 ca:01 2709                       /lib64/libpthread-2.17.so
7f7f6258f000-7f7f6278e000 ---p 00017000 ca:01 2709                       /lib64/libpthread-2.17.so
7f7f6278e000-7f7f6278f000 r--p 00016000 ca:01 2709                       /lib64/libpthread-2.17.so
7f7f6278f000-7f7f62790000 rw-p 00017000 ca:01 2709                       /lib64/libpthread-2.17.so
7f7f62790000-7f7f62794000 rw-p 00000000 00:00 0 
7f7f62794000-7f7f627b6000 r-xp 00000000 ca:01 2676                       /lib64/ld-2.17.so
7f7f62960000-7f7f629a1000 rw-p 00000000 00:00 0 
7f7f629a1000-7f7f629a9000 rw-s 00000000 ca:01 272812                     /tmp/hsperfdata_ec2-user/6555
7f7f629a9000-7f7f629ae000 rw-p 00000000 00:00 0 
7f7f629af000-7f7f629b3000 rw-p 00000000 00:00 0 
7f7f629b3000-7f7f629b4000 r--p 00000000 00:00 0 
7f7f629b4000-7f7f629b5000 rw-p 00000000 00:00 0 
7f7f629b5000-7f7f629b6000 r--p 00021000 ca:01 2676                       /lib64/ld-2.17.so
7f7f629b6000-7f7f629b7000 rw-p 00022000 ca:01 2676                       /lib64/ld-2.17.so
7f7f629b7000-7f7f629b8000 rw-p 00000000 00:00 0 
7ffd441ea000-7ffd4420b000 rw-p 00000000 00:00 0                          [stack]
7ffd44313000-7ffd44316000 r--p 00000000 00:00 0                          [vvar]
7ffd44316000-7ffd44318000 r-xp 00000000 00:00 0                          [vdso]
ffffffffff600000-ffffffffff601000 r-xp 00000000 00:00 0                  [vsyscall]

VM Arguments:
jvm_args: -Dfile.encoding=UTF-8 -Xms1024m -Xmx1024m -Xss4M -XX:ReservedCodeCacheSize=128m 
java_command: /usr/share/sbt/bin/sbt-launch.jar
java_class_path (initial): /usr/share/sbt/bin/sbt-launch.jar
Launcher Type: SUN_STANDARD

Environment Variables:
JAVA_HOME=/usr/lib/jvm/jre
PATH=/usr/local/bin:/bin:/usr/bin:/usr/local/sbin:/usr/sbin:/sbin:/opt/aws/bin:/home/ec2-user/.local/bin:/home/ec2-user/bin
SHELL=/bin/bash

Signal Handlers:
SIGSEGV: [libjvm.so+0xacf8f0], sa_mask[0]=11111111011111111101111111111110, sa_flags=SA_RESTART|SA_SIGINFO
SIGBUS: [libjvm.so+0xacf8f0], sa_mask[0]=11111111011111111101111111111110, sa_flags=SA_RESTART|SA_SIGINFO
SIGFPE: [libjvm.so+0x8c1d50], sa_mask[0]=11111111011111111101111111111110, sa_flags=SA_RESTART|SA_SIGINFO
SIGPIPE: [libjvm.so+0x8c1d50], sa_mask[0]=11111111011111111101111111111110, sa_flags=SA_RESTART|SA_SIGINFO
SIGXFSZ: [libjvm.so+0x8c1d50], sa_mask[0]=11111111011111111101111111111110, sa_flags=SA_RESTART|SA_SIGINFO
SIGILL: [libjvm.so+0x8c1d50], sa_mask[0]=11111111011111111101111111111110, sa_flags=SA_RESTART|SA_SIGINFO
SIGUSR1: SIG_DFL, sa_mask[0]=00000000000000000000000000000000, sa_flags=none
SIGUSR2: [libjvm.so+0x8c1c00], sa_mask[0]=00000000000000000000000000000000, sa_flags=SA_RESTART|SA_SIGINFO
SIGHUP: SIG_DFL, sa_mask[0]=00000000000000000000000000000000, sa_flags=none
SIGINT: SIG_DFL, sa_mask[0]=00000000000000000000000000000000, sa_flags=none
SIGTERM: SIG_DFL, sa_mask[0]=00000000000000000000000000000000, sa_flags=none
SIGQUIT: SIG_DFL, sa_mask[0]=00000000000000000000000000000000, sa_flags=none


---------------  S Y S T E M  ---------------

OS:Amazon Linux AMI release 2018.03

uname:Linux 4.14.138-89.102.amzn1.x86_64 #1 SMP Thu Aug 15 15:41:44 UTC 2019 x86_64
libc:glibc 2.17 NPTL 2.17 
rlimit: STACK 8192k, CORE 0k, NPROC 3860, NOFILE 4096, AS infinity
load average:0.00 0.00 0.00

/proc/meminfo:
MemTotal:        1009496 kB
MemFree:           75416 kB
MemAvailable:      66164 kB
Buffers:            6756 kB
Cached:           101656 kB
SwapCached:            0 kB
Active:           835360 kB
Inactive:          49600 kB
Active(anon):     776592 kB
Inactive(anon):       52 kB
Active(file):      58768 kB
Inactive(file):    49548 kB
Unevictable:           0 kB
Mlocked:               0 kB
SwapTotal:             0 kB
SwapFree:              0 kB
Dirty:               136 kB
Writeback:            32 kB
AnonPages:        776572 kB
Mapped:            35288 kB
Shmem:                60 kB
Slab:              28180 kB
SReclaimable:      15880 kB
SUnreclaim:        12300 kB
KernelStack:        3192 kB
PageTables:         7256 kB
NFS_Unstable:          0 kB
Bounce:                0 kB
WritebackTmp:          0 kB
CommitLimit:      504748 kB
Committed_AS:    1300768 kB
VmallocTotal:   34359738367 kB
VmallocUsed:           0 kB
VmallocChunk:          0 kB
AnonHugePages:         0 kB
ShmemHugePages:        0 kB
ShmemPmdMapped:        0 kB
HugePages_Total:       0
HugePages_Free:        0
HugePages_Rsvd:        0
HugePages_Surp:        0
Hugepagesize:       2048 kB
DirectMap4k:       49152 kB
DirectMap2M:      999424 kB


CPU:total 1 (initial active 1) (1 cores per cpu, 1 threads per core) family 6 model 63 stepping 2, cmov, cx8, fxsr, mmx, sse, sse2, sse3, ssse3, sse4.1, sse4.2, popcnt, avx, avx2, aes, clmul, erms, lzcnt, tsc, bmi1, bmi2

/proc/cpuinfo:
processor	: 0
vendor_id	: GenuineIntel
cpu family	: 6
model		: 63
model name	: Intel(R) Xeon(R) CPU E5-2676 v3 @ 2.40GHz
stepping	: 2
microcode	: 0x43
cpu MHz		: 2399.978
cache size	: 30720 KB
physical id	: 0
siblings	: 1
core id		: 0
cpu cores	: 1
apicid		: 0
initial apicid	: 0
fpu		: yes
fpu_exception	: yes
cpuid level	: 13
wp		: yes
flags		: fpu vme de pse tsc msr pae mce cx8 apic sep mtrr pge mca cmov pat pse36 clflush mmx fxsr sse sse2 ht syscall nx rdtscp lm constant_tsc rep_good nopl xtopology cpuid pni pclmulqdq ssse3 fma cx16 pcid sse4_1 sse4_2 x2apic movbe popcnt tsc_deadline_timer aes xsave avx f16c rdrand hypervisor lahf_lm abm cpuid_fault invpcid_single pti fsgsbase bmi1 avx2 smep bmi2 erms invpcid xsaveopt
bugs		: cpu_meltdown spectre_v1 spectre_v2 spec_store_bypass l1tf mds swapgs
bogomips	: 4800.16
clflush size	: 64
cache_alignment	: 64
address sizes	: 46 bits physical, 48 bits virtual
power management:



Memory: 4k page, physical 1009496k(75416k free), swap 0k(0k free)

vm_info: OpenJDK 64-Bit Server VM (25.222-b10) for linux-amd64 JRE (1.8.0_222-b10), built on Aug 21 2019 21:38:03 by "mockbuild" with gcc 4.8.5 20150623 (Red Hat 4.8.5-28)

time: Sat Sep 21 18:31:12 2019
timezone: UTC
elapsed time: 0 seconds (0d 0h 0m 0s)

